{"total": {"lines":{"total":9569,"covered":7163,"skipped":0,"pct":74.85},"statements":{"total":9569,"covered":7163,"skipped":0,"pct":74.85},"functions":{"total":312,"covered":273,"skipped":0,"pct":87.5},"branches":{"total":1987,"covered":1636,"skipped":0,"pct":82.33},"branchesTrue":{"total":0,"covered":0,"skipped":0,"pct":100}}
,"/Users/koltonjacobs/DEV/MCP-Servers/REW-mcp/src/analysis/averaging.ts": {"lines":{"total":335,"covered":287,"skipped":0,"pct":85.67},"functions":{"total":13,"covered":13,"skipped":0,"pct":100},"statements":{"total":335,"covered":287,"skipped":0,"pct":85.67},"branches":{"total":96,"covered":75,"skipped":0,"pct":78.12}}
,"/Users/koltonjacobs/DEV/MCP-Servers/REW-mcp/src/analysis/decay.ts": {"lines":{"total":391,"covered":284,"skipped":0,"pct":72.63},"functions":{"total":20,"covered":16,"skipped":0,"pct":80},"statements":{"total":391,"covered":284,"skipped":0,"pct":72.63},"branches":{"total":78,"covered":57,"skipped":0,"pct":73.07}}
,"/Users/koltonjacobs/DEV/MCP-Servers/REW-mcp/src/analysis/index.ts": {"lines":{"total":8,"covered":8,"skipped":0,"pct":100},"functions":{"total":0,"covered":0,"skipped":0,"pct":100},"statements":{"total":8,"covered":8,"skipped":0,"pct":100},"branches":{"total":0,"covered":0,"skipped":0,"pct":100}}
,"/Users/koltonjacobs/DEV/MCP-Servers/REW-mcp/src/analysis/peaks-nulls.ts": {"lines":{"total":155,"covered":149,"skipped":0,"pct":96.12},"functions":{"total":8,"covered":8,"skipped":0,"pct":100},"statements":{"total":155,"covered":149,"skipped":0,"pct":96.12},"branches":{"total":58,"covered":52,"skipped":0,"pct":89.65}}
,"/Users/koltonjacobs/DEV/MCP-Servers/REW-mcp/src/analysis/reflections.ts": {"lines":{"total":317,"covered":263,"skipped":0,"pct":82.96},"functions":{"total":14,"covered":13,"skipped":0,"pct":92.85},"statements":{"total":317,"covered":263,"skipped":0,"pct":82.96},"branches":{"total":90,"covered":65,"skipped":0,"pct":72.22}}
,"/Users/koltonjacobs/DEV/MCP-Servers/REW-mcp/src/analysis/room-modes.ts": {"lines":{"total":188,"covered":183,"skipped":0,"pct":97.34},"functions":{"total":8,"covered":8,"skipped":0,"pct":100},"statements":{"total":188,"covered":183,"skipped":0,"pct":97.34},"branches":{"total":48,"covered":45,"skipped":0,"pct":93.75}}
,"/Users/koltonjacobs/DEV/MCP-Servers/REW-mcp/src/analysis/sub-integration.ts": {"lines":{"total":362,"covered":319,"skipped":0,"pct":88.12},"functions":{"total":15,"covered":14,"skipped":0,"pct":93.33},"statements":{"total":362,"covered":319,"skipped":0,"pct":88.12},"branches":{"total":77,"covered":58,"skipped":0,"pct":75.32}}
,"/Users/koltonjacobs/DEV/MCP-Servers/REW-mcp/src/analysis/target-curves.ts": {"lines":{"total":285,"covered":267,"skipped":0,"pct":93.68},"functions":{"total":8,"covered":8,"skipped":0,"pct":100},"statements":{"total":285,"covered":267,"skipped":0,"pct":93.68},"branches":{"total":76,"covered":68,"skipped":0,"pct":89.47}}
,"/Users/koltonjacobs/DEV/MCP-Servers/REW-mcp/src/api/base64-decoder.ts": {"lines":{"total":41,"covered":37,"skipped":0,"pct":90.24},"functions":{"total":3,"covered":3,"skipped":0,"pct":100},"statements":{"total":41,"covered":37,"skipped":0,"pct":90.24},"branches":{"total":19,"covered":17,"skipped":0,"pct":89.47}}
,"/Users/koltonjacobs/DEV/MCP-Servers/REW-mcp/src/api/index.ts": {"lines":{"total":3,"covered":0,"skipped":0,"pct":0},"functions":{"total":1,"covered":0,"skipped":0,"pct":0},"statements":{"total":3,"covered":0,"skipped":0,"pct":0},"branches":{"total":1,"covered":0,"skipped":0,"pct":0}}
,"/Users/koltonjacobs/DEV/MCP-Servers/REW-mcp/src/api/rew-api-error.ts": {"lines":{"total":10,"covered":10,"skipped":0,"pct":100},"functions":{"total":1,"covered":1,"skipped":0,"pct":100},"statements":{"total":10,"covered":10,"skipped":0,"pct":100},"branches":{"total":1,"covered":1,"skipped":0,"pct":100}}
,"/Users/koltonjacobs/DEV/MCP-Servers/REW-mcp/src/api/rew-client.ts": {"lines":{"total":704,"covered":579,"skipped":0,"pct":82.24},"functions":{"total":64,"covered":62,"skipped":0,"pct":96.87},"statements":{"total":704,"covered":579,"skipped":0,"pct":82.24},"branches":{"total":225,"covered":143,"skipped":0,"pct":63.55}}
,"/Users/koltonjacobs/DEV/MCP-Servers/REW-mcp/src/api/schemas.ts": {"lines":{"total":85,"covered":82,"skipped":0,"pct":96.47},"functions":{"total":1,"covered":1,"skipped":0,"pct":100},"statements":{"total":85,"covered":82,"skipped":0,"pct":96.47},"branches":{"total":2,"covered":1,"skipped":0,"pct":50}}
,"/Users/koltonjacobs/DEV/MCP-Servers/REW-mcp/src/interpretation/glm-comparison.ts": {"lines":{"total":346,"covered":298,"skipped":0,"pct":86.12},"functions":{"total":11,"covered":11,"skipped":0,"pct":100},"statements":{"total":346,"covered":298,"skipped":0,"pct":86.12},"branches":{"total":72,"covered":53,"skipped":0,"pct":73.61}}
,"/Users/koltonjacobs/DEV/MCP-Servers/REW-mcp/src/interpretation/index.ts": {"lines":{"total":1,"covered":0,"skipped":0,"pct":0},"functions":{"total":1,"covered":0,"skipped":0,"pct":0},"statements":{"total":1,"covered":0,"skipped":0,"pct":0},"branches":{"total":1,"covered":0,"skipped":0,"pct":0}}
,"/Users/koltonjacobs/DEV/MCP-Servers/REW-mcp/src/interpretation/lr-symmetry.ts": {"lines":{"total":213,"covered":203,"skipped":0,"pct":95.3},"functions":{"total":8,"covered":8,"skipped":0,"pct":100},"statements":{"total":213,"covered":203,"skipped":0,"pct":95.3},"branches":{"total":64,"covered":60,"skipped":0,"pct":93.75}}
,"/Users/koltonjacobs/DEV/MCP-Servers/REW-mcp/src/interpretation/peaks-nulls-interpret.ts": {"lines":{"total":161,"covered":147,"skipped":0,"pct":91.3},"functions":{"total":5,"covered":5,"skipped":0,"pct":100},"statements":{"total":161,"covered":147,"skipped":0,"pct":91.3},"branches":{"total":44,"covered":39,"skipped":0,"pct":88.63}}
,"/Users/koltonjacobs/DEV/MCP-Servers/REW-mcp/src/interpretation/prioritization.ts": {"lines":{"total":67,"covered":67,"skipped":0,"pct":100},"functions":{"total":2,"covered":2,"skipped":0,"pct":100},"statements":{"total":67,"covered":67,"skipped":0,"pct":100},"branches":{"total":5,"covered":5,"skipped":0,"pct":100}}
,"/Users/koltonjacobs/DEV/MCP-Servers/REW-mcp/src/interpretation/room-modes-interpret.ts": {"lines":{"total":165,"covered":135,"skipped":0,"pct":81.81},"functions":{"total":4,"covered":4,"skipped":0,"pct":100},"statements":{"total":165,"covered":135,"skipped":0,"pct":81.81},"branches":{"total":39,"covered":29,"skipped":0,"pct":74.35}}
,"/Users/koltonjacobs/DEV/MCP-Servers/REW-mcp/src/interpretation/sub-integration-interpret.ts": {"lines":{"total":148,"covered":31,"skipped":0,"pct":20.94},"functions":{"total":6,"covered":1,"skipped":0,"pct":16.66},"statements":{"total":148,"covered":31,"skipped":0,"pct":20.94},"branches":{"total":15,"covered":15,"skipped":0,"pct":100}}
,"/Users/koltonjacobs/DEV/MCP-Servers/REW-mcp/src/interpretation/types.ts": {"lines":{"total":0,"covered":0,"skipped":0,"pct":100},"functions":{"total":1,"covered":1,"skipped":0,"pct":100},"statements":{"total":0,"covered":0,"skipped":0,"pct":100},"branches":{"total":1,"covered":1,"skipped":0,"pct":100}}
,"/Users/koltonjacobs/DEV/MCP-Servers/REW-mcp/src/optimization/index.ts": {"lines":{"total":1,"covered":0,"skipped":0,"pct":0},"functions":{"total":1,"covered":0,"skipped":0,"pct":0},"statements":{"total":1,"covered":0,"skipped":0,"pct":0},"branches":{"total":1,"covered":0,"skipped":0,"pct":0}}
,"/Users/koltonjacobs/DEV/MCP-Servers/REW-mcp/src/optimization/recommendations.ts": {"lines":{"total":143,"covered":141,"skipped":0,"pct":98.6},"functions":{"total":6,"covered":6,"skipped":0,"pct":100},"statements":{"total":143,"covered":141,"skipped":0,"pct":98.6},"branches":{"total":58,"covered":53,"skipped":0,"pct":91.37}}
,"/Users/koltonjacobs/DEV/MCP-Servers/REW-mcp/src/optimization/success-criteria.ts": {"lines":{"total":184,"covered":182,"skipped":0,"pct":98.91},"functions":{"total":11,"covered":11,"skipped":0,"pct":100},"statements":{"total":184,"covered":182,"skipped":0,"pct":98.91},"branches":{"total":60,"covered":57,"skipped":0,"pct":95}}
,"/Users/koltonjacobs/DEV/MCP-Servers/REW-mcp/src/optimization/types.ts": {"lines":{"total":0,"covered":0,"skipped":0,"pct":100},"functions":{"total":1,"covered":1,"skipped":0,"pct":100},"statements":{"total":0,"covered":0,"skipped":0,"pct":100},"branches":{"total":1,"covered":1,"skipped":0,"pct":100}}
,"/Users/koltonjacobs/DEV/MCP-Servers/REW-mcp/src/optimization/validation.ts": {"lines":{"total":140,"covered":133,"skipped":0,"pct":95},"functions":{"total":9,"covered":9,"skipped":0,"pct":100},"statements":{"total":140,"covered":133,"skipped":0,"pct":95},"branches":{"total":49,"covered":44,"skipped":0,"pct":89.79}}
,"/Users/koltonjacobs/DEV/MCP-Servers/REW-mcp/src/parser/index.ts": {"lines":{"total":2,"covered":2,"skipped":0,"pct":100},"functions":{"total":0,"covered":0,"skipped":0,"pct":100},"statements":{"total":2,"covered":2,"skipped":0,"pct":100},"branches":{"total":0,"covered":0,"skipped":0,"pct":100}}
,"/Users/koltonjacobs/DEV/MCP-Servers/REW-mcp/src/parser/rew-text.ts": {"lines":{"total":275,"covered":158,"skipped":0,"pct":57.45},"functions":{"total":6,"covered":5,"skipped":0,"pct":83.33},"statements":{"total":275,"covered":158,"skipped":0,"pct":57.45},"branches":{"total":75,"covered":68,"skipped":0,"pct":90.66}}
,"/Users/koltonjacobs/DEV/MCP-Servers/REW-mcp/src/prompts/calibration-full.ts": {"lines":{"total":38,"covered":38,"skipped":0,"pct":100},"functions":{"total":1,"covered":1,"skipped":0,"pct":100},"statements":{"total":38,"covered":38,"skipped":0,"pct":100},"branches":{"total":6,"covered":6,"skipped":0,"pct":100}}
,"/Users/koltonjacobs/DEV/MCP-Servers/REW-mcp/src/prompts/gain-staging.ts": {"lines":{"total":28,"covered":28,"skipped":0,"pct":100},"functions":{"total":1,"covered":1,"skipped":0,"pct":100},"statements":{"total":28,"covered":28,"skipped":0,"pct":100},"branches":{"total":3,"covered":3,"skipped":0,"pct":100}}
,"/Users/koltonjacobs/DEV/MCP-Servers/REW-mcp/src/prompts/index.ts": {"lines":{"total":49,"covered":42,"skipped":0,"pct":85.71},"functions":{"total":1,"covered":1,"skipped":0,"pct":100},"statements":{"total":49,"covered":42,"skipped":0,"pct":85.71},"branches":{"total":8,"covered":6,"skipped":0,"pct":75}}
,"/Users/koltonjacobs/DEV/MCP-Servers/REW-mcp/src/prompts/measurement-workflow.ts": {"lines":{"total":63,"covered":63,"skipped":0,"pct":100},"functions":{"total":1,"covered":1,"skipped":0,"pct":100},"statements":{"total":63,"covered":63,"skipped":0,"pct":100},"branches":{"total":15,"covered":15,"skipped":0,"pct":100}}
,"/Users/koltonjacobs/DEV/MCP-Servers/REW-mcp/src/prompts/optimization-workflow.ts": {"lines":{"total":63,"covered":63,"skipped":0,"pct":100},"functions":{"total":1,"covered":1,"skipped":0,"pct":100},"statements":{"total":63,"covered":63,"skipped":0,"pct":100},"branches":{"total":8,"covered":8,"skipped":0,"pct":100}}
,"/Users/koltonjacobs/DEV/MCP-Servers/REW-mcp/src/resources/history-resource.ts": {"lines":{"total":45,"covered":44,"skipped":0,"pct":97.77},"functions":{"total":1,"covered":1,"skipped":0,"pct":100},"statements":{"total":45,"covered":44,"skipped":0,"pct":97.77},"branches":{"total":8,"covered":7,"skipped":0,"pct":87.5}}
,"/Users/koltonjacobs/DEV/MCP-Servers/REW-mcp/src/resources/index.ts": {"lines":{"total":91,"covered":65,"skipped":0,"pct":71.42},"functions":{"total":1,"covered":1,"skipped":0,"pct":100},"statements":{"total":91,"covered":65,"skipped":0,"pct":71.42},"branches":{"total":11,"covered":7,"skipped":0,"pct":63.63}}
,"/Users/koltonjacobs/DEV/MCP-Servers/REW-mcp/src/resources/measurement-resource.ts": {"lines":{"total":34,"covered":34,"skipped":0,"pct":100},"functions":{"total":2,"covered":2,"skipped":0,"pct":100},"statements":{"total":34,"covered":34,"skipped":0,"pct":100},"branches":{"total":5,"covered":5,"skipped":0,"pct":100}}
,"/Users/koltonjacobs/DEV/MCP-Servers/REW-mcp/src/resources/recommendations-resource.ts": {"lines":{"total":17,"covered":17,"skipped":0,"pct":100},"functions":{"total":1,"covered":1,"skipped":0,"pct":100},"statements":{"total":17,"covered":17,"skipped":0,"pct":100},"branches":{"total":3,"covered":3,"skipped":0,"pct":100}}
,"/Users/koltonjacobs/DEV/MCP-Servers/REW-mcp/src/resources/session-resource.ts": {"lines":{"total":34,"covered":34,"skipped":0,"pct":100},"functions":{"total":2,"covered":2,"skipped":0,"pct":100},"statements":{"total":34,"covered":34,"skipped":0,"pct":100},"branches":{"total":7,"covered":7,"skipped":0,"pct":100}}
,"/Users/koltonjacobs/DEV/MCP-Servers/REW-mcp/src/session/index.ts": {"lines":{"total":1,"covered":1,"skipped":0,"pct":100},"functions":{"total":0,"covered":0,"skipped":0,"pct":100},"statements":{"total":1,"covered":1,"skipped":0,"pct":100},"branches":{"total":0,"covered":0,"skipped":0,"pct":100}}
,"/Users/koltonjacobs/DEV/MCP-Servers/REW-mcp/src/session/sequence-state-machine.ts": {"lines":{"total":46,"covered":46,"skipped":0,"pct":100},"functions":{"total":4,"covered":4,"skipped":0,"pct":100},"statements":{"total":46,"covered":46,"skipped":0,"pct":100},"branches":{"total":17,"covered":17,"skipped":0,"pct":100}}
,"/Users/koltonjacobs/DEV/MCP-Servers/REW-mcp/src/session/session-state.ts": {"lines":{"total":49,"covered":49,"skipped":0,"pct":100},"functions":{"total":6,"covered":6,"skipped":0,"pct":100},"statements":{"total":49,"covered":49,"skipped":0,"pct":100},"branches":{"total":11,"covered":11,"skipped":0,"pct":100}}
,"/Users/koltonjacobs/DEV/MCP-Servers/REW-mcp/src/store/measurement.ts": {"lines":{"total":58,"covered":44,"skipped":0,"pct":75.86},"functions":{"total":12,"covered":7,"skipped":0,"pct":58.33},"statements":{"total":58,"covered":44,"skipped":0,"pct":75.86},"branches":{"total":11,"covered":8,"skipped":0,"pct":72.72}}
,"/Users/koltonjacobs/DEV/MCP-Servers/REW-mcp/src/tools/analyze-room.ts": {"lines":{"total":278,"covered":13,"skipped":0,"pct":4.67},"functions":{"total":3,"covered":0,"skipped":0,"pct":0},"statements":{"total":278,"covered":13,"skipped":0,"pct":4.67},"branches":{"total":0,"covered":0,"skipped":0,"pct":100}}
,"/Users/koltonjacobs/DEV/MCP-Servers/REW-mcp/src/tools/api-audio.ts": {"lines":{"total":172,"covered":166,"skipped":0,"pct":96.51},"functions":{"total":1,"covered":1,"skipped":0,"pct":100},"statements":{"total":172,"covered":166,"skipped":0,"pct":96.51},"branches":{"total":46,"covered":43,"skipped":0,"pct":93.47}}
,"/Users/koltonjacobs/DEV/MCP-Servers/REW-mcp/src/tools/api-calibrate-spl.ts": {"lines":{"total":202,"covered":196,"skipped":0,"pct":97.02},"functions":{"total":3,"covered":3,"skipped":0,"pct":100},"statements":{"total":202,"covered":196,"skipped":0,"pct":97.02},"branches":{"total":41,"covered":39,"skipped":0,"pct":95.12}}
,"/Users/koltonjacobs/DEV/MCP-Servers/REW-mcp/src/tools/api-check-levels.ts": {"lines":{"total":136,"covered":136,"skipped":0,"pct":100},"functions":{"total":4,"covered":4,"skipped":0,"pct":100},"statements":{"total":136,"covered":136,"skipped":0,"pct":100},"branches":{"total":44,"covered":43,"skipped":0,"pct":97.72}}
,"/Users/koltonjacobs/DEV/MCP-Servers/REW-mcp/src/tools/api-connect.ts": {"lines":{"total":80,"covered":65,"skipped":0,"pct":81.25},"functions":{"total":2,"covered":2,"skipped":0,"pct":100},"statements":{"total":80,"covered":65,"skipped":0,"pct":81.25},"branches":{"total":7,"covered":5,"skipped":0,"pct":71.42}}
,"/Users/koltonjacobs/DEV/MCP-Servers/REW-mcp/src/tools/api-generator.ts": {"lines":{"total":186,"covered":180,"skipped":0,"pct":96.77},"functions":{"total":1,"covered":1,"skipped":0,"pct":100},"statements":{"total":186,"covered":180,"skipped":0,"pct":96.77},"branches":{"total":56,"covered":52,"skipped":0,"pct":92.85}}
,"/Users/koltonjacobs/DEV/MCP-Servers/REW-mcp/src/tools/api-get-measurement.ts": {"lines":{"total":145,"covered":45,"skipped":0,"pct":31.03},"functions":{"total":1,"covered":1,"skipped":0,"pct":100},"statements":{"total":145,"covered":45,"skipped":0,"pct":31.03},"branches":{"total":8,"covered":1,"skipped":0,"pct":12.5}}
,"/Users/koltonjacobs/DEV/MCP-Servers/REW-mcp/src/tools/api-list-measurements.ts": {"lines":{"total":64,"covered":24,"skipped":0,"pct":37.5},"functions":{"total":1,"covered":1,"skipped":0,"pct":100},"statements":{"total":64,"covered":24,"skipped":0,"pct":37.5},"branches":{"total":5,"covered":1,"skipped":0,"pct":20}}
,"/Users/koltonjacobs/DEV/MCP-Servers/REW-mcp/src/tools/api-measure-workflow.ts": {"lines":{"total":455,"covered":449,"skipped":0,"pct":98.68},"functions":{"total":8,"covered":8,"skipped":0,"pct":100},"statements":{"total":455,"covered":449,"skipped":0,"pct":98.68},"branches":{"total":128,"covered":121,"skipped":0,"pct":94.53}}
,"/Users/koltonjacobs/DEV/MCP-Servers/REW-mcp/src/tools/api-measure.ts": {"lines":{"total":194,"covered":188,"skipped":0,"pct":96.9},"functions":{"total":1,"covered":1,"skipped":0,"pct":100},"statements":{"total":194,"covered":188,"skipped":0,"pct":96.9},"branches":{"total":53,"covered":49,"skipped":0,"pct":92.45}}
,"/Users/koltonjacobs/DEV/MCP-Servers/REW-mcp/src/tools/api-measurement-session.ts": {"lines":{"total":277,"covered":271,"skipped":0,"pct":97.83},"functions":{"total":1,"covered":1,"skipped":0,"pct":100},"statements":{"total":277,"covered":271,"skipped":0,"pct":97.83},"branches":{"total":52,"covered":44,"skipped":0,"pct":84.61}}
,"/Users/koltonjacobs/DEV/MCP-Servers/REW-mcp/src/tools/api-spl-meter.ts": {"lines":{"total":159,"covered":153,"skipped":0,"pct":96.22},"functions":{"total":1,"covered":1,"skipped":0,"pct":100},"statements":{"total":159,"covered":153,"skipped":0,"pct":96.22},"branches":{"total":32,"covered":30,"skipped":0,"pct":93.75}}
,"/Users/koltonjacobs/DEV/MCP-Servers/REW-mcp/src/tools/averaging.ts": {"lines":{"total":128,"covered":20,"skipped":0,"pct":15.62},"functions":{"total":1,"covered":0,"skipped":0,"pct":0},"statements":{"total":128,"covered":20,"skipped":0,"pct":15.62},"branches":{"total":0,"covered":0,"skipped":0,"pct":100}}
,"/Users/koltonjacobs/DEV/MCP-Servers/REW-mcp/src/tools/compare.ts": {"lines":{"total":187,"covered":10,"skipped":0,"pct":5.34},"functions":{"total":3,"covered":0,"skipped":0,"pct":0},"statements":{"total":187,"covered":10,"skipped":0,"pct":5.34},"branches":{"total":0,"covered":0,"skipped":0,"pct":100}}
,"/Users/koltonjacobs/DEV/MCP-Servers/REW-mcp/src/tools/decay.ts": {"lines":{"total":149,"covered":9,"skipped":0,"pct":6.04},"functions":{"total":2,"covered":0,"skipped":0,"pct":0},"statements":{"total":149,"covered":9,"skipped":0,"pct":6.04},"branches":{"total":0,"covered":0,"skipped":0,"pct":100}}
,"/Users/koltonjacobs/DEV/MCP-Servers/REW-mcp/src/tools/glm-interpret.ts": {"lines":{"total":105,"covered":10,"skipped":0,"pct":9.52},"functions":{"total":3,"covered":0,"skipped":0,"pct":0},"statements":{"total":105,"covered":10,"skipped":0,"pct":9.52},"branches":{"total":0,"covered":0,"skipped":0,"pct":100}}
,"/Users/koltonjacobs/DEV/MCP-Servers/REW-mcp/src/tools/impulse.ts": {"lines":{"total":172,"covered":8,"skipped":0,"pct":4.65},"functions":{"total":1,"covered":0,"skipped":0,"pct":0},"statements":{"total":172,"covered":8,"skipped":0,"pct":4.65},"branches":{"total":0,"covered":0,"skipped":0,"pct":100}}
,"/Users/koltonjacobs/DEV/MCP-Servers/REW-mcp/src/tools/index.ts": {"lines":{"total":236,"covered":206,"skipped":0,"pct":87.28},"functions":{"total":1,"covered":1,"skipped":0,"pct":100},"statements":{"total":236,"covered":206,"skipped":0,"pct":87.28},"branches":{"total":31,"covered":15,"skipped":0,"pct":48.38}}
,"/Users/koltonjacobs/DEV/MCP-Servers/REW-mcp/src/tools/ingest.ts": {"lines":{"total":106,"covered":73,"skipped":0,"pct":68.86},"functions":{"total":2,"covered":2,"skipped":0,"pct":100},"statements":{"total":106,"covered":73,"skipped":0,"pct":68.86},"branches":{"total":18,"covered":9,"skipped":0,"pct":50}}
,"/Users/koltonjacobs/DEV/MCP-Servers/REW-mcp/src/tools/optimize-room.ts": {"lines":{"total":284,"covered":240,"skipped":0,"pct":84.5},"functions":{"total":5,"covered":5,"skipped":0,"pct":100},"statements":{"total":284,"covered":240,"skipped":0,"pct":84.5},"branches":{"total":65,"covered":54,"skipped":0,"pct":83.07}}
,"/Users/koltonjacobs/DEV/MCP-Servers/REW-mcp/src/tools/room-modes.ts": {"lines":{"total":152,"covered":133,"skipped":0,"pct":87.5},"functions":{"total":1,"covered":1,"skipped":0,"pct":100},"statements":{"total":152,"covered":133,"skipped":0,"pct":87.5},"branches":{"total":32,"covered":20,"skipped":0,"pct":62.5}}
,"/Users/koltonjacobs/DEV/MCP-Servers/REW-mcp/src/tools/sub-integration.ts": {"lines":{"total":199,"covered":17,"skipped":0,"pct":8.54},"functions":{"total":2,"covered":0,"skipped":0,"pct":0},"statements":{"total":199,"covered":17,"skipped":0,"pct":8.54},"branches":{"total":0,"covered":0,"skipped":0,"pct":100}}
,"/Users/koltonjacobs/DEV/MCP-Servers/REW-mcp/src/tools/target-compare.ts": {"lines":{"total":157,"covered":18,"skipped":0,"pct":11.46},"functions":{"total":2,"covered":0,"skipped":0,"pct":0},"statements":{"total":157,"covered":18,"skipped":0,"pct":11.46},"branches":{"total":0,"covered":0,"skipped":0,"pct":100}}
}
